<?xml version="1.0" encoding="UTF-8"?>
<testsuite name="PersonTest" tests="1" skipped="0" failures="0" errors="0" timestamp="2020-02-12T09:09:00" hostname="admin1-ThinkCentre-M72e" time="0.002">
  <properties/>
  <testcase name="Test" classname="PersonTest" time="0.002"/>
  <system-out><![CDATA[]]></system-out>
  <system-err><![CDATA[]]></system-err>
</testsuite>
